[freewrite.bonnemarque.se/index.html]
[backblue.gif]
[fade.gif]
[index.html]
[freewrite.bonnemarque.se/assets/icons/favicon.ico]
[freewrite.bonnemarque.se/assets/icons/favicon-16x16.png]
[freewrite.bonnemarque.se/assets/icons/favicon-32x32.png]
[freewrite.bonnemarque.se/assets/icons/favicon-48x48.png]
[freewrite.bonnemarque.se/assets/icons/favicon-96x96.png]
[freewrite.bonnemarque.se/assets/icons/apple-touch-icon-57x57-precomposed.png]
[freewrite.bonnemarque.se/assets/icons/apple-touch-icon-114x114-precomposed.png]
[freewrite.bonnemarque.se/assets/icons/apple-touch-icon-60x60-precomposed.png]
[freewrite.bonnemarque.se/assets/icons/apple-touch-icon-120x120-precomposed.png]
[freewrite.bonnemarque.se/assets/icons/apple-touch-icon-72x72-precomposed.png]
[freewrite.bonnemarque.se/assets/icons/apple-touch-icon-144x144-precomposed.png]
[freewrite.bonnemarque.se/assets/icons/apple-touch-icon-76x76-precomposed.png]
[freewrite.bonnemarque.se/assets/icons/apple-touch-icon-152x152-precomposed.png]
[freewrite.bonnemarque.se/assets/css/style.css]
[freewrite.bonnemarque.se/assets/img/site-loading.gif]
[freewrite.bonnemarque.se/assets/img/product.png]
[freewrite.bonnemarque.se/assets/video/product1bce.mp4]
[freewrite.bonnemarque.se/assets/video/product1bce.webm]
[freewrite.bonnemarque.se/assets/video/product1bce.ogg]
[freewrite.bonnemarque.se/assets/img/illus/letter-f.png]
[freewrite.bonnemarque.se/assets/img/illus/letter-r.png]
[freewrite.bonnemarque.se/assets/img/illus/letter-e.png]
[freewrite.bonnemarque.se/assets/img/illus/letter-w.png]
[freewrite.bonnemarque.se/assets/img/illus/letter-i.png]
[freewrite.bonnemarque.se/assets/img/illus/letter-t.png]
[use.typekit.net/zcl6pkc.js]
[freewrite.bonnemarque.se/index.html]
[freewrite.bonnemarque.se/assets/img/noise-background.png]
[freewrite.bonnemarque.se/assets/css/style.css]
[freewrite.bonnemarque.se/assets/img/product.png]
[freewrite.bonnemarque.se/assets/video/product1bce.mp4]
[freewrite.bonnemarque.se/assets/js/scripts.min.js]
